{
  "RSpec": {
    "coverage": {
      "/Users/annaleeherrera/WaterThose/WaterThoseRails/app/models/device.rb": [
        1,
        1,
        1,
        null,
        1,
        0,
        null,
        null,
        1,
        0,
        null,
        null
      ],
      "/Users/annaleeherrera/WaterThose/WaterThoseRails/app/helpers/application_helper.rb": [
        1,
        null
      ],
      "/Users/annaleeherrera/WaterThose/WaterThoseRails/app/helpers/devices_helper.rb": [
        1,
        null
      ],
      "/Users/annaleeherrera/WaterThose/WaterThoseRails/app/helpers/home_helper.rb": [
        1,
        null
      ],
      "/Users/annaleeherrera/WaterThose/WaterThoseRails/app/helpers/sessions_helper.rb": [
        1,
        null
      ],
      "/Users/annaleeherrera/WaterThose/WaterThoseRails/app/helpers/users_helper.rb": [
        1,
        null
      ],
      "/Users/annaleeherrera/WaterThose/WaterThoseRails/app/controllers/devices_controller.rb": [
        1,
        1,
        1,
        1,
        null,
        null,
        1,
        0,
        0,
        0,
        0,
        0,
        0,
        0,
        0,
        0,
        0,
        0,
        null,
        0,
        null,
        null,
        null,
        null,
        1,
        0,
        0,
        0,
        0,
        null,
        null,
        1,
        0,
        null,
        null,
        null,
        null,
        null,
        null,
        null,
        1,
        0,
        0,
        0,
        0,
        null,
        null,
        1,
        0,
        null,
        null,
        1,
        0,
        0,
        0,
        0,
        0,
        0,
        0,
        null,
        0,
        null,
        null,
        null,
        1,
        0,
        0,
        null,
        null
      ],
      "/Users/annaleeherrera/WaterThose/WaterThoseRails/app/controllers/application_controller.rb": [
        1,
        null,
        null,
        1,
        null,
        1,
        1,
        1,
        null,
        1,
        0,
        null,
        null,
        1,
        0,
        0,
        null,
        null,
        null,
        null,
        1,
        0,
        0,
        null,
        null,
        null
      ],
      "/Users/annaleeherrera/WaterThose/WaterThoseRails/app/controllers/sessions_controller.rb": [
        1,
        null,
        1,
        0,
        0,
        0,
        0,
        0,
        0,
        null,
        0,
        null,
        0,
        null,
        null,
        0,
        0,
        null,
        null,
        null,
        1,
        0,
        0,
        0,
        null,
        null,
        null,
        null,
        null,
        null,
        null,
        null,
        null
      ],
      "/Users/annaleeherrera/WaterThose/WaterThoseRails/app/controllers/users_controller.rb": [
        1,
        1,
        null,
        1,
        0,
        0,
        null,
        0,
        null,
        null,
        null,
        1,
        0,
        0,
        null,
        0,
        null,
        null,
        null,
        null,
        null,
        null,
        0,
        null,
        0,
        null,
        0,
        null,
        null,
        1,
        0,
        null,
        null,
        1,
        0,
        0,
        0,
        0,
        0,
        null,
        0,
        null,
        null,
        1,
        0,
        null,
        null
      ],
      "/Users/annaleeherrera/WaterThose/WaterThoseRails/app/models/user.rb": [
        1,
        1,
        1,
        1,
        null,
        1,
        null,
        1,
        0,
        null,
        null
      ],
      "/Users/annaleeherrera/WaterThose/WaterThoseRails/app/controllers/home_controller.rb": [
        0,
        0,
        0,
        0,
        0
      ],
      "/Users/annaleeherrera/WaterThose/WaterThoseRails/lib/device_test.rb": [
        0,
        0,
        0
      ]
    },
    "timestamp": 1458190739
  }
}
